Using pre-set license
Built from '2020.3/staging' branch; Version is '2020.3.3f1 (76626098c1c4) revision 7758432'; Using compiler version '192528614'; Build Type 'Release'
OS: 'Windows 10 Pro; OS build 19042.985; Version 2009; 64bit' Language: 'en' Physical Memory: 8137 MB
BatchMode: 1, IsHumanControllingUs: 0, StartBugReporterOnCrash: 0, Is64bit: 1, IsPro: 0

 COMMAND LINE ARGUMENTS:
C:\Program Files\Unity\Hub\Editor\2020.3.3f1\Editor\Unity.exe
-adb2
-batchMode
-noUpm
-name
AssetImportWorker2
-projectPath
D:/GitHub/Inzinerijos-projektas
-logFile
Logs/AssetImportWorker2.log
-srvPort
62617
Successfully changed project path to: D:/GitHub/Inzinerijos-projektas
D:/GitHub/Inzinerijos-projektas
Using Asset Import Pipeline V2.
Refreshing native plugins compatible for Editor in 99.83 ms, found 0 plugins.
Preloading 0 native plugins for Editor in 0.00 ms.
Initialize engine version: 2020.3.3f1 (76626098c1c4)
[Subsystems] Discovering subsystems at path C:/Program Files/Unity/Hub/Editor/2020.3.3f1/Editor/Data/Resources/UnitySubsystems
[Subsystems] Discovering subsystems at path D:/GitHub/Inzinerijos-projektas/Assets
GfxDevice: creating device client; threaded=0
Direct3D:
    Version:  Direct3D 11.0 [level 11.1]
    Renderer: NVIDIA GeForce GTX 1060 3GB (ID=0x1c02)
    Vendor:   
    VRAM:     2988 MB
    Driver:   27.21.14.5671
Initialize mono
Mono path[0] = 'C:/Program Files/Unity/Hub/Editor/2020.3.3f1/Editor/Data/Managed'
Mono path[1] = 'C:/Program Files/Unity/Hub/Editor/2020.3.3f1/Editor/Data/MonoBleedingEdge/lib/mono/unityjit'
Mono config path = 'C:/Program Files/Unity/Hub/Editor/2020.3.3f1/Editor/Data/MonoBleedingEdge/etc'
Using monoOptions --debugger-agent=transport=dt_socket,embedding=1,server=y,suspend=n,address=127.0.0.1:56888
Begin MonoManager ReloadAssembly
Registering precompiled unity dll's ...
Register platform support module: C:/Program Files/Unity/Hub/Editor/2020.3.3f1/Editor/Data/PlaybackEngines/WindowsStandaloneSupport/UnityEditor.WindowsStandalone.Extensions.dll
Registered in 0.012419 seconds.
Native extension for WindowsStandalone target not found
Refreshing native plugins compatible for Editor in 218.22 ms, found 0 plugins.
Preloading 0 native plugins for Editor in 0.00 ms.
Unable to find bridge dll on disk for Microsoft Visual Studio Tools for Unity for C:\Program Files (x86)\Microsoft Visual Studio Tools for Unity\16.0\Editor\SyntaxTree.VisualStudio.Unity.Bridge.dll
Invoked RoslynAnalysisRunner static constructor.
RoslynAnalysisRunner will not be running.
RoslynAnalysisRunner has terminated.
Mono: successfully reloaded assembly
- Completed reload, in  4.562 seconds
Platform modules already initialized, skipping
Registering precompiled user dll's ...
Registered in 0.001383 seconds.
Begin MonoManager ReloadAssembly
Native extension for WindowsStandalone target not found
Refreshing native plugins compatible for Editor in 6.29 ms, found 0 plugins.
Preloading 0 native plugins for Editor in 0.00 ms.
Invoked RoslynAnalysisRunner static constructor.
RoslynAnalysisRunner will not be running.
RoslynAnalysisRunner has terminated.
Mono: successfully reloaded assembly
- Completed reload, in  3.066 seconds
Platform modules already initialized, skipping
========================================================================
Worker process is ready to serve import requests
Launched and connected shader compiler UnityShaderCompiler.exe after 0.16 seconds
Refreshing native plugins compatible for Editor in 0.62 ms, found 0 plugins.
Preloading 0 native plugins for Editor in 0.00 ms.
Unloading 1411 Unused Serialized files (Serialized files now loaded: 0)
System memory in use before: 98.4 MB.
System memory in use after: 98.5 MB.

Unloading 8 unused Assets to reduce memory usage. Loaded Objects now: 1883.
Total: 2.661500 ms (FindLiveObjects: 0.621000 ms CreateObjectMapping: 0.150400 ms MarkObjects: 1.801500 ms  DeleteObjects: 0.085800 ms)

========================================================================
Received Import Request.
  path: Assets/Running.fbx
  artifactKey: Guid(ee0ac885f570e3c4b8a180e0a9837b2f) Importer(815301076,1909f56bfc062723c751e8b465ee728b)
Start importing Assets/Running.fbx using Guid(ee0ac885f570e3c4b8a180e0a9837b2f) Importer(815301076,1909f56bfc062723c751e8b465ee728b)  -> (artifact id: '295cba2087de37bcafa6eb2c60923334') in 0.627762 seconds
  Import took 0.810169 seconds .

========================================================================
Received Import Request.
  Time since last request: 0.000270 seconds.
  path: Assets/tf.jpg
  artifactKey: Guid(10f1e7aea64dd6a489ec52ade50d63d9) Importer(815301076,1909f56bfc062723c751e8b465ee728b)
Start importing Assets/tf.jpg using Guid(10f1e7aea64dd6a489ec52ade50d63d9) Importer(815301076,1909f56bfc062723c751e8b465ee728b)  -> (artifact id: 'b78475f2482e9cef8aa20315cfb02859') in 0.531056 seconds
  Import took 1.566178 seconds .

========================================================================
Received Import Request.
  Time since last request: 0.000256 seconds.
  path: Assets/menujpg.jpg
  artifactKey: Guid(515a6221d34a0a14a8c0b3467b7f6504) Importer(815301076,1909f56bfc062723c751e8b465ee728b)
Start importing Assets/menujpg.jpg using Guid(515a6221d34a0a14a8c0b3467b7f6504) Importer(815301076,1909f56bfc062723c751e8b465ee728b)  -> (artifact id: '3410066fb1e708b028e442b64789115b') in 0.032087 seconds
  Import took 0.215808 seconds .

========================================================================
Received Import Request.
  Time since last request: 0.000279 seconds.
  path: Assets/Scenes
  artifactKey: Guid(6c9b6dfa2b1156940a6690cfa1742fc7) Importer(815301076,1909f56bfc062723c751e8b465ee728b)
Start importing Assets/Scenes using Guid(6c9b6dfa2b1156940a6690cfa1742fc7) Importer(815301076,1909f56bfc062723c751e8b465ee728b)  -> (artifact id: 'e844de0b00c6c4e1506d587be77a724e') in 0.013739 seconds
  Import took 0.787725 seconds .

========================================================================
Received Import Request.
  Time since last request: 8.459973 seconds.
  path: Assets/Scenes/StoryBoard.unity
  artifactKey: Guid(4627b62eabeacdd4d85417b099321ec3) Importer(815301076,1909f56bfc062723c751e8b465ee728b)
Start importing Assets/Scenes/StoryBoard.unity using Guid(4627b62eabeacdd4d85417b099321ec3) Importer(815301076,1909f56bfc062723c751e8b465ee728b)  -> (artifact id: '5af7a823635425c04f51292acc148b62') in 0.028653 seconds
  Import took 0.091519 seconds .

========================================================================
Received Import Request.
  Time since last request: 148.642874 seconds.
  path: Assets/1SB.jpg
  artifactKey: Guid(c1c6f621adf45424ea52ee2bb188871a) Importer(815301076,1909f56bfc062723c751e8b465ee728b)
Start importing Assets/1SB.jpg using Guid(c1c6f621adf45424ea52ee2bb188871a) Importer(815301076,1909f56bfc062723c751e8b465ee728b)  -> (artifact id: '702fc8fd1451c417e690bfab21c113d6') in 0.037680 seconds
  Import took 0.065243 seconds .

========================================================================
Received Import Request.
  Time since last request: 0.000225 seconds.
  path: Assets/3SB.jpg
  artifactKey: Guid(369598b47fc74b44b9b73ce44095bc34) Importer(815301076,1909f56bfc062723c751e8b465ee728b)
Start importing Assets/3SB.jpg using Guid(369598b47fc74b44b9b73ce44095bc34) Importer(815301076,1909f56bfc062723c751e8b465ee728b)  -> (artifact id: '7419aceb4ad5bc73c3e6da823415bccd') in 0.034258 seconds
  Import took 0.070336 seconds .

========================================================================
Received Import Request.
  Time since last request: 0.000207 seconds.
  path: Assets/4SB.jpg
  artifactKey: Guid(a4245d550d75bea4cab4526ea38dca25) Importer(815301076,1909f56bfc062723c751e8b465ee728b)
Start importing Assets/4SB.jpg using Guid(a4245d550d75bea4cab4526ea38dca25) Importer(815301076,1909f56bfc062723c751e8b465ee728b)  -> (artifact id: '8f34b935f23ef2acad4f6b13f2a958fd') in 0.026114 seconds
  Import took 0.053349 seconds .

========================================================================
Received Import Request.
  Time since last request: 0.000297 seconds.
  path: Assets/2SB.jpg
  artifactKey: Guid(8c9777138f28ca947a359cda75735398) Importer(815301076,1909f56bfc062723c751e8b465ee728b)
Start importing Assets/2SB.jpg using Guid(8c9777138f28ca947a359cda75735398) Importer(815301076,1909f56bfc062723c751e8b465ee728b)  -> (artifact id: 'cbedba68258e68bc3a6e69ad297b8718') in 0.034684 seconds
  Import took 0.063814 seconds .

========================================================================
Received Import Request.
  Time since last request: 6.633248 seconds.
  path: Assets/1SB.jpg
  artifactKey: Guid(c1c6f621adf45424ea52ee2bb188871a) Importer(815301076,1909f56bfc062723c751e8b465ee728b)
Start importing Assets/1SB.jpg using Guid(c1c6f621adf45424ea52ee2bb188871a) Importer(815301076,1909f56bfc062723c751e8b465ee728b)  -> (artifact id: '22bf89f0da935504ddc81857fc6edac4') in 0.046416 seconds
  Import took 0.082001 seconds .

========================================================================
Received Import Request.
  Time since last request: 3.431175 seconds.
  path: Assets/2SB.jpg
  artifactKey: Guid(8c9777138f28ca947a359cda75735398) Importer(815301076,1909f56bfc062723c751e8b465ee728b)
Start importing Assets/2SB.jpg using Guid(8c9777138f28ca947a359cda75735398) Importer(815301076,1909f56bfc062723c751e8b465ee728b)  -> (artifact id: 'f6fd785f66d4f327be0f36834bca1d29') in 0.042781 seconds
  Import took 0.074787 seconds .

========================================================================
Received Import Request.
  Time since last request: 4.911188 seconds.
  path: Assets/3SB.jpg
  artifactKey: Guid(369598b47fc74b44b9b73ce44095bc34) Importer(815301076,1909f56bfc062723c751e8b465ee728b)
Start importing Assets/3SB.jpg using Guid(369598b47fc74b44b9b73ce44095bc34) Importer(815301076,1909f56bfc062723c751e8b465ee728b)  -> (artifact id: '8648bdacc1d4cbb09ce48c981b2096c1') in 0.021712 seconds
  Import took 0.049548 seconds .

========================================================================
Received Import Request.
  Time since last request: 3.922040 seconds.
  path: Assets/4SB.jpg
  artifactKey: Guid(a4245d550d75bea4cab4526ea38dca25) Importer(815301076,1909f56bfc062723c751e8b465ee728b)
Start importing Assets/4SB.jpg using Guid(a4245d550d75bea4cab4526ea38dca25) Importer(815301076,1909f56bfc062723c751e8b465ee728b)  -> (artifact id: '34250936371e2c516d31421e10bad3a9') in 0.033212 seconds
  Import took 0.048440 seconds .

========================================================================
Received Import Request.
  Time since last request: 108.364653 seconds.
  path: Assets/polyperfect/Low Poly Ultimate Pack/- Materials/Colors/1 SKIN-DARKEST.mat
  artifactKey: Guid(7e05ef7409d694c74a16dec33c316bd7) Importer(815301076,1909f56bfc062723c751e8b465ee728b)
Start importing Assets/polyperfect/Low Poly Ultimate Pack/- Materials/Colors/1 SKIN-DARKEST.mat using Guid(7e05ef7409d694c74a16dec33c316bd7) Importer(815301076,1909f56bfc062723c751e8b465ee728b)  -> (artifact id: '89280234d94bfff34a150f277d2e69d0') in 0.080260 seconds
  Import took 0.115442 seconds .

========================================================================
Received Import Request.
  Time since last request: 0.000202 seconds.
  path: Assets/polyperfect/Low Poly Ultimate Pack/- Materials/Colors/7 SKIN-WHITE.mat
  artifactKey: Guid(816a1e9d58d34d34b85cfabc577a2fa4) Importer(815301076,1909f56bfc062723c751e8b465ee728b)
Start importing Assets/polyperfect/Low Poly Ultimate Pack/- Materials/Colors/7 SKIN-WHITE.mat using Guid(816a1e9d58d34d34b85cfabc577a2fa4) Importer(815301076,1909f56bfc062723c751e8b465ee728b)  -> (artifact id: '093621952a09621370ad54b55a1c9018') in 0.041842 seconds
  Import took 0.066143 seconds .

========================================================================
Received Import Request.
  Time since last request: 0.000226 seconds.
  path: Assets/polyperfect/Low Poly Ultimate Pack/- Materials/Colors/5 SKIN-LIGHT.mat
  artifactKey: Guid(284c356f2f17a644380d230a1abff44b) Importer(815301076,1909f56bfc062723c751e8b465ee728b)
Start importing Assets/polyperfect/Low Poly Ultimate Pack/- Materials/Colors/5 SKIN-LIGHT.mat using Guid(284c356f2f17a644380d230a1abff44b) Importer(815301076,1909f56bfc062723c751e8b465ee728b)  -> (artifact id: 'f600153b1e4aff2263637b8c6aaf4f93') in 0.037304 seconds
  Import took 0.056820 seconds .

========================================================================
Received Import Request.
  Time since last request: 0.000310 seconds.
  path: Assets/polyperfect/Low Poly Ultimate Pack/- Materials/Colors/6 SKIN-LIGHTEST.mat
  artifactKey: Guid(d8b3608c06351da4f8e09a879c0ddc66) Importer(815301076,1909f56bfc062723c751e8b465ee728b)
Start importing Assets/polyperfect/Low Poly Ultimate Pack/- Materials/Colors/6 SKIN-LIGHTEST.mat using Guid(d8b3608c06351da4f8e09a879c0ddc66) Importer(815301076,1909f56bfc062723c751e8b465ee728b)  -> (artifact id: '4adc2b805c674ff629119bd4719907ec') in 0.052317 seconds
  Import took 0.097890 seconds .

========================================================================
Received Import Request.
  Time since last request: 0.000250 seconds.
  path: Assets/polyperfect/Low Poly Ultimate Pack/- Materials/Colors/3 SKIN-MEDIUM.mat
  artifactKey: Guid(1fff089ce117d4f04a4c4fb00168f400) Importer(815301076,1909f56bfc062723c751e8b465ee728b)
Start importing Assets/polyperfect/Low Poly Ultimate Pack/- Materials/Colors/3 SKIN-MEDIUM.mat using Guid(1fff089ce117d4f04a4c4fb00168f400) Importer(815301076,1909f56bfc062723c751e8b465ee728b)  -> (artifact id: '5959124be6e28d2297ef0289fcd726c6') in 0.045983 seconds
  Import took 0.094825 seconds .

========================================================================
Received Import Request.
  Time since last request: 0.000234 seconds.
  path: Assets/polyperfect/Low Poly Ultimate Pack/- Materials/Colors/9 BROWN-DARKEST.mat
  artifactKey: Guid(3b20fc9e84b968641b7312bdcdd1ffd8) Importer(815301076,1909f56bfc062723c751e8b465ee728b)
Start importing Assets/polyperfect/Low Poly Ultimate Pack/- Materials/Colors/9 BROWN-DARKEST.mat using Guid(3b20fc9e84b968641b7312bdcdd1ffd8) Importer(815301076,1909f56bfc062723c751e8b465ee728b)  -> (artifact id: '876bf00419105083d13c6da1dbf6f4de') in 0.035131 seconds
  Import took 0.039507 seconds .

========================================================================
Received Import Request.
  Time since last request: 0.000214 seconds.
  path: Assets/polyperfect/Low Poly Ultimate Pack/- Materials/Colors/2 SKIN-DARK.mat
  artifactKey: Guid(7a2d84c5fa819415cad63857c2a30b64) Importer(815301076,1909f56bfc062723c751e8b465ee728b)
Start importing Assets/polyperfect/Low Poly Ultimate Pack/- Materials/Colors/2 SKIN-DARK.mat using Guid(7a2d84c5fa819415cad63857c2a30b64) Importer(815301076,1909f56bfc062723c751e8b465ee728b)  -> (artifact id: 'e0a3cdd1e38ada2b88c083de97a181b2') in 0.034817 seconds
  Import took 0.057120 seconds .

========================================================================
Received Import Request.
  Time since last request: 0.000314 seconds.
  path: Assets/polyperfect/Low Poly Ultimate Pack/- Materials/Colors/4 SKIN.mat
  artifactKey: Guid(e4149755fc1d98a498388cedff353ea8) Importer(815301076,1909f56bfc062723c751e8b465ee728b)
Start importing Assets/polyperfect/Low Poly Ultimate Pack/- Materials/Colors/4 SKIN.mat using Guid(e4149755fc1d98a498388cedff353ea8) Importer(815301076,1909f56bfc062723c751e8b465ee728b)  -> (artifact id: 'fe64c442e0b28fc3f88a24f57051338a') in 0.056536 seconds
  Import took 0.097681 seconds .

========================================================================
Received Import Request.
  Time since last request: 0.020466 seconds.
  path: Assets/polyperfect/Low Poly Ultimate Pack/- Materials/Colors/4 SKIN.mat
  artifactKey: Guid(e4149755fc1d98a498388cedff353ea8) Importer(815301076,1909f56bfc062723c751e8b465ee728b)
Start importing Assets/polyperfect/Low Poly Ultimate Pack/- Materials/Colors/4 SKIN.mat using Guid(e4149755fc1d98a498388cedff353ea8) Importer(815301076,1909f56bfc062723c751e8b465ee728b)  -> (artifact id: 'fe64c442e0b28fc3f88a24f57051338a') in 0.021896 seconds
  Import took 0.042803 seconds .

========================================================================
Received Prepare
Registering precompiled user dll's ...
Registered in 0.001108 seconds.
Begin MonoManager ReloadAssembly
Native extension for WindowsStandalone target not found
Refreshing native plugins compatible for Editor in 0.62 ms, found 0 plugins.
Preloading 0 native plugins for Editor in 0.00 ms.
Invoked RoslynAnalysisRunner static constructor.
RoslynAnalysisRunner will not be running.
RoslynAnalysisRunner has terminated.
Mono: successfully reloaded assembly
- Completed reload, in  1.460 seconds
Platform modules already initialized, skipping
Refreshing native plugins compatible for Editor in 0.63 ms, found 0 plugins.
Preloading 0 native plugins for Editor in 0.00 ms.
Unloading 1362 Unused Serialized files (Serialized files now loaded: 0)
System memory in use before: 111.7 MB.
System memory in use after: 111.8 MB.

Unloading 4 unused Assets to reduce memory usage. Loaded Objects now: 1937.
Total: 1.853700 ms (FindLiveObjects: 0.174300 ms CreateObjectMapping: 0.061100 ms MarkObjects: 1.599700 ms  DeleteObjects: 0.016900 ms)

========================================================================
Received Prepare
Registering precompiled user dll's ...
Registered in 0.001079 seconds.
Begin MonoManager ReloadAssembly
Native extension for WindowsStandalone target not found
Refreshing native plugins compatible for Editor in 0.76 ms, found 0 plugins.
Preloading 0 native plugins for Editor in 0.00 ms.
Invoked RoslynAnalysisRunner static constructor.
RoslynAnalysisRunner will not be running.
RoslynAnalysisRunner has terminated.
Mono: successfully reloaded assembly
- Completed reload, in  1.399 seconds
Platform modules already initialized, skipping
Refreshing native plugins compatible for Editor in 0.70 ms, found 0 plugins.
Preloading 0 native plugins for Editor in 0.00 ms.
Unloading 1362 Unused Serialized files (Serialized files now loaded: 0)
System memory in use before: 111.7 MB.
System memory in use after: 111.8 MB.

Unloading 4 unused Assets to reduce memory usage. Loaded Objects now: 1940.
Total: 2.245400 ms (FindLiveObjects: 0.211800 ms CreateObjectMapping: 0.062400 ms MarkObjects: 1.947800 ms  DeleteObjects: 0.021500 ms)

========================================================================
Received Prepare
Registering precompiled user dll's ...
Registered in 0.001213 seconds.
Begin MonoManager ReloadAssembly
Native extension for WindowsStandalone target not found
Refreshing native plugins compatible for Editor in 0.91 ms, found 0 plugins.
Preloading 0 native plugins for Editor in 0.00 ms.
Invoked RoslynAnalysisRunner static constructor.
RoslynAnalysisRunner will not be running.
RoslynAnalysisRunner has terminated.
Mono: successfully reloaded assembly
- Completed reload, in  1.738 seconds
Platform modules already initialized, skipping
Refreshing native plugins compatible for Editor in 0.64 ms, found 0 plugins.
Preloading 0 native plugins for Editor in 0.00 ms.
Unloading 1362 Unused Serialized files (Serialized files now loaded: 0)
System memory in use before: 111.7 MB.
System memory in use after: 111.8 MB.

Unloading 4 unused Assets to reduce memory usage. Loaded Objects now: 1943.
Total: 2.017600 ms (FindLiveObjects: 0.173700 ms CreateObjectMapping: 0.087400 ms MarkObjects: 1.737500 ms  DeleteObjects: 0.017300 ms)

========================================================================
Received Prepare
Registering precompiled user dll's ...
Registered in 0.001116 seconds.
Begin MonoManager ReloadAssembly
Native extension for WindowsStandalone target not found
Refreshing native plugins compatible for Editor in 0.63 ms, found 0 plugins.
Preloading 0 native plugins for Editor in 0.00 ms.
Invoked RoslynAnalysisRunner static constructor.
RoslynAnalysisRunner will not be running.
RoslynAnalysisRunner has terminated.
Mono: successfully reloaded assembly
- Completed reload, in  1.398 seconds
Platform modules already initialized, skipping
Refreshing native plugins compatible for Editor in 1.11 ms, found 0 plugins.
Preloading 0 native plugins for Editor in 0.00 ms.
Unloading 1362 Unused Serialized files (Serialized files now loaded: 0)
System memory in use before: 111.7 MB.
System memory in use after: 111.8 MB.

Unloading 4 unused Assets to reduce memory usage. Loaded Objects now: 1946.
Total: 3.329700 ms (FindLiveObjects: 0.246300 ms CreateObjectMapping: 0.131400 ms MarkObjects: 2.925300 ms  DeleteObjects: 0.024500 ms)

========================================================================
Received Prepare
Registering precompiled user dll's ...
Registered in 0.001536 seconds.
Begin MonoManager ReloadAssembly
Native extension for WindowsStandalone target not found
Refreshing native plugins compatible for Editor in 0.65 ms, found 0 plugins.
Preloading 0 native plugins for Editor in 0.00 ms.
Invoked RoslynAnalysisRunner static constructor.
RoslynAnalysisRunner will not be running.
RoslynAnalysisRunner has terminated.
Mono: successfully reloaded assembly
- Completed reload, in  2.178 seconds
Platform modules already initialized, skipping
Refreshing native plugins compatible for Editor in 0.70 ms, found 0 plugins.
Preloading 0 native plugins for Editor in 0.00 ms.
Unloading 1362 Unused Serialized files (Serialized files now loaded: 0)
System memory in use before: 111.7 MB.
System memory in use after: 111.8 MB.

Unloading 4 unused Assets to reduce memory usage. Loaded Objects now: 1949.
Total: 2.070100 ms (FindLiveObjects: 0.193600 ms CreateObjectMapping: 0.064200 ms MarkObjects: 1.790500 ms  DeleteObjects: 0.019400 ms)

========================================================================
Received Prepare
Registering precompiled user dll's ...
Registered in 0.001107 seconds.
Begin MonoManager ReloadAssembly
Native extension for WindowsStandalone target not found
Refreshing native plugins compatible for Editor in 3.04 ms, found 0 plugins.
Preloading 0 native plugins for Editor in 0.00 ms.
Invoked RoslynAnalysisRunner static constructor.
RoslynAnalysisRunner will not be running.
RoslynAnalysisRunner has terminated.
Mono: successfully reloaded assembly
- Completed reload, in  2.899 seconds
Platform modules already initialized, skipping
Refreshing native plugins compatible for Editor in 0.65 ms, found 0 plugins.
Preloading 0 native plugins for Editor in 0.00 ms.
Unloading 1362 Unused Serialized files (Serialized files now loaded: 0)
System memory in use before: 111.8 MB.
System memory in use after: 111.9 MB.

Unloading 4 unused Assets to reduce memory usage. Loaded Objects now: 1952.
Total: 2.512300 ms (FindLiveObjects: 0.250900 ms CreateObjectMapping: 0.142200 ms MarkObjects: 2.091100 ms  DeleteObjects: 0.026500 ms)

========================================================================
Received Prepare
Registering precompiled user dll's ...
Registered in 0.001200 seconds.
Begin MonoManager ReloadAssembly
Native extension for WindowsStandalone target not found
Refreshing native plugins compatible for Editor in 0.73 ms, found 0 plugins.
Preloading 0 native plugins for Editor in 0.00 ms.
Invoked RoslynAnalysisRunner static constructor.
RoslynAnalysisRunner will not be running.
RoslynAnalysisRunner has terminated.
Mono: successfully reloaded assembly
- Completed reload, in  1.207 seconds
Platform modules already initialized, skipping
Refreshing native plugins compatible for Editor in 0.68 ms, found 0 plugins.
Preloading 0 native plugins for Editor in 0.00 ms.
Unloading 1362 Unused Serialized files (Serialized files now loaded: 0)
System memory in use before: 111.8 MB.
System memory in use after: 111.9 MB.

Unloading 4 unused Assets to reduce memory usage. Loaded Objects now: 1955.
Total: 3.572400 ms (FindLiveObjects: 0.312000 ms CreateObjectMapping: 0.181200 ms MarkObjects: 3.055500 ms  DeleteObjects: 0.021300 ms)

========================================================================
Received Prepare
Registering precompiled user dll's ...
Registered in 0.001478 seconds.
Begin MonoManager ReloadAssembly
Native extension for WindowsStandalone target not found
Refreshing native plugins compatible for Editor in 0.65 ms, found 0 plugins.
Preloading 0 native plugins for Editor in 0.00 ms.
Invoked RoslynAnalysisRunner static constructor.
RoslynAnalysisRunner will not be running.
RoslynAnalysisRunner has terminated.
Mono: successfully reloaded assembly
- Completed reload, in  1.485 seconds
Platform modules already initialized, skipping
Refreshing native plugins compatible for Editor in 1.40 ms, found 0 plugins.
Preloading 0 native plugins for Editor in 0.00 ms.
Unloading 1362 Unused Serialized files (Serialized files now loaded: 0)
System memory in use before: 111.8 MB.
System memory in use after: 111.9 MB.

Unloading 4 unused Assets to reduce memory usage. Loaded Objects now: 1958.
Total: 5.114800 ms (FindLiveObjects: 0.208700 ms CreateObjectMapping: 0.087800 ms MarkObjects: 4.794300 ms  DeleteObjects: 0.021800 ms)

========================================================================
Received Prepare
Registering precompiled user dll's ...
Registered in 0.001083 seconds.
Begin MonoManager ReloadAssembly
Native extension for WindowsStandalone target not found
Refreshing native plugins compatible for Editor in 0.65 ms, found 0 plugins.
Preloading 0 native plugins for Editor in 0.00 ms.
Invoked RoslynAnalysisRunner static constructor.
RoslynAnalysisRunner will not be running.
RoslynAnalysisRunner has terminated.
Mono: successfully reloaded assembly
- Completed reload, in  1.370 seconds
Platform modules already initialized, skipping
Refreshing native plugins compatible for Editor in 0.65 ms, found 0 plugins.
Preloading 0 native plugins for Editor in 0.00 ms.
Unloading 1362 Unused Serialized files (Serialized files now loaded: 0)
System memory in use before: 111.8 MB.
System memory in use after: 111.9 MB.

Unloading 4 unused Assets to reduce memory usage. Loaded Objects now: 1961.
Total: 4.465400 ms (FindLiveObjects: 0.224900 ms CreateObjectMapping: 0.116700 ms MarkObjects: 4.095700 ms  DeleteObjects: 0.025600 ms)

========================================================================
Received Prepare
Registering precompiled user dll's ...
Registered in 0.002037 seconds.
Begin MonoManager ReloadAssembly
Native extension for WindowsStandalone target not found
Refreshing native plugins compatible for Editor in 2.17 ms, found 0 plugins.
Preloading 0 native plugins for Editor in 0.00 ms.
Invoked RoslynAnalysisRunner static constructor.
RoslynAnalysisRunner will not be running.
RoslynAnalysisRunner has terminated.
Mono: successfully reloaded assembly
- Completed reload, in  2.687 seconds
Platform modules already initialized, skipping
Refreshing native plugins compatible for Editor in 0.67 ms, found 0 plugins.
Preloading 0 native plugins for Editor in 0.00 ms.
Unloading 1362 Unused Serialized files (Serialized files now loaded: 0)
System memory in use before: 111.8 MB.
System memory in use after: 111.9 MB.

Unloading 4 unused Assets to reduce memory usage. Loaded Objects now: 1964.
Total: 7.935700 ms (FindLiveObjects: 0.868600 ms CreateObjectMapping: 0.151500 ms MarkObjects: 6.883900 ms  DeleteObjects: 0.028800 ms)

========================================================================
Received Prepare
Registering precompiled user dll's ...
Registered in 0.001163 seconds.
Begin MonoManager ReloadAssembly
Native extension for WindowsStandalone target not found
Refreshing native plugins compatible for Editor in 0.68 ms, found 0 plugins.
Preloading 0 native plugins for Editor in 0.00 ms.
Invoked RoslynAnalysisRunner static constructor.
RoslynAnalysisRunner will not be running.
RoslynAnalysisRunner has terminated.
Mono: successfully reloaded assembly
- Completed reload, in  1.235 seconds
Platform modules already initialized, skipping
Refreshing native plugins compatible for Editor in 0.64 ms, found 0 plugins.
Preloading 0 native plugins for Editor in 0.00 ms.
Unloading 1362 Unused Serialized files (Serialized files now loaded: 0)
System memory in use before: 111.8 MB.
System memory in use after: 111.9 MB.

Unloading 4 unused Assets to reduce memory usage. Loaded Objects now: 1967.
Total: 4.179000 ms (FindLiveObjects: 0.221600 ms CreateObjectMapping: 0.111500 ms MarkObjects: 3.822600 ms  DeleteObjects: 0.021100 ms)

========================================================================
Received Prepare
Registering precompiled user dll's ...
Registered in 0.001278 seconds.
Begin MonoManager ReloadAssembly
Native extension for WindowsStandalone target not found
Refreshing native plugins compatible for Editor in 0.62 ms, found 0 plugins.
Preloading 0 native plugins for Editor in 0.00 ms.
Invoked RoslynAnalysisRunner static constructor.
RoslynAnalysisRunner will not be running.
RoslynAnalysisRunner has terminated.
Mono: successfully reloaded assembly
- Completed reload, in  1.254 seconds
Platform modules already initialized, skipping
Refreshing native plugins compatible for Editor in 0.65 ms, found 0 plugins.
Preloading 0 native plugins for Editor in 0.00 ms.
Unloading 1362 Unused Serialized files (Serialized files now loaded: 0)
System memory in use before: 111.8 MB.
System memory in use after: 111.9 MB.

Unloading 4 unused Assets to reduce memory usage. Loaded Objects now: 1970.
Total: 2.124800 ms (FindLiveObjects: 0.193200 ms CreateObjectMapping: 0.064300 ms MarkObjects: 1.845300 ms  DeleteObjects: 0.020100 ms)

========================================================================
Received Prepare
Registering precompiled user dll's ...
Registered in 0.002366 seconds.
Begin MonoManager ReloadAssembly
Native extension for WindowsStandalone target not found
Refreshing native plugins compatible for Editor in 0.81 ms, found 0 plugins.
Preloading 0 native plugins for Editor in 0.00 ms.
Invoked RoslynAnalysisRunner static constructor.
RoslynAnalysisRunner will not be running.
RoslynAnalysisRunner has terminated.
Mono: successfully reloaded assembly
- Completed reload, in  1.373 seconds
Platform modules already initialized, skipping
Refreshing native plugins compatible for Editor in 0.68 ms, found 0 plugins.
Preloading 0 native plugins for Editor in 0.00 ms.
Unloading 1362 Unused Serialized files (Serialized files now loaded: 0)
System memory in use before: 111.8 MB.
System memory in use after: 111.9 MB.

Unloading 4 unused Assets to reduce memory usage. Loaded Objects now: 1973.
Total: 2.113400 ms (FindLiveObjects: 0.207200 ms CreateObjectMapping: 0.103900 ms MarkObjects: 1.783600 ms  DeleteObjects: 0.017200 ms)

========================================================================
Received Import Request.
  Time since last request: 1483.657943 seconds.
  path: Assets/MainMenu.cs
  artifactKey: Guid(842c5c3b79ac594479a27bf55c663411) Importer(815301076,1909f56bfc062723c751e8b465ee728b)
Start importing Assets/MainMenu.cs using Guid(842c5c3b79ac594479a27bf55c663411) Importer(815301076,1909f56bfc062723c751e8b465ee728b)  -> (artifact id: 'eef17be80af5651a35437945c56b8cbb') in 0.035402 seconds
  Import took 0.049108 seconds .

========================================================================
Received Prepare
Registering precompiled user dll's ...
Registered in 0.001059 seconds.
Begin MonoManager ReloadAssembly
Native extension for WindowsStandalone target not found
Refreshing native plugins compatible for Editor in 0.64 ms, found 0 plugins.
Preloading 0 native plugins for Editor in 0.00 ms.
Invoked RoslynAnalysisRunner static constructor.
RoslynAnalysisRunner will not be running.
RoslynAnalysisRunner has terminated.
Mono: successfully reloaded assembly
- Completed reload, in  1.204 seconds
Platform modules already initialized, skipping
Refreshing native plugins compatible for Editor in 0.74 ms, found 0 plugins.
Preloading 0 native plugins for Editor in 0.00 ms.
Unloading 1362 Unused Serialized files (Serialized files now loaded: 0)
System memory in use before: 111.8 MB.
System memory in use after: 111.9 MB.

Unloading 4 unused Assets to reduce memory usage. Loaded Objects now: 1976.
Total: 35.235500 ms (FindLiveObjects: 32.794400 ms CreateObjectMapping: 0.224000 ms MarkObjects: 2.189100 ms  DeleteObjects: 0.025200 ms)

========================================================================
Received Import Request.
  Time since last request: 46.307389 seconds.
  path: Assets/MainMenu.cs
  artifactKey: Guid(842c5c3b79ac594479a27bf55c663411) Importer(815301076,1909f56bfc062723c751e8b465ee728b)
Start importing Assets/MainMenu.cs using Guid(842c5c3b79ac594479a27bf55c663411) Importer(815301076,1909f56bfc062723c751e8b465ee728b)  -> (artifact id: '548ce1268d82d794c8e817c6583b15a9') in 0.017343 seconds
  Import took 0.021243 seconds .

========================================================================
Received Import Request.
  Time since last request: 1.776056 seconds.
  path: Assets/Scenes/Menu.unity
  artifactKey: Guid(468d03cf6fa761442a7d999b91aa02f1) Importer(815301076,1909f56bfc062723c751e8b465ee728b)
Start importing Assets/Scenes/Menu.unity using Guid(468d03cf6fa761442a7d999b91aa02f1) Importer(815301076,1909f56bfc062723c751e8b465ee728b)  -> (artifact id: 'd5a842ffd71de17264c9bd9a68b72897') in 0.198162 seconds
  Import took 0.204568 seconds .

========================================================================
Received Prepare
Registering precompiled user dll's ...
Registered in 0.003490 seconds.
Begin MonoManager ReloadAssembly
Native extension for WindowsStandalone target not found
Refreshing native plugins compatible for Editor in 0.86 ms, found 0 plugins.
Preloading 0 native plugins for Editor in 0.00 ms.
Invoked RoslynAnalysisRunner static constructor.
RoslynAnalysisRunner will not be running.
RoslynAnalysisRunner has terminated.
Mono: successfully reloaded assembly
- Completed reload, in  2.915 seconds
Platform modules already initialized, skipping
Refreshing native plugins compatible for Editor in 0.79 ms, found 0 plugins.
Preloading 0 native plugins for Editor in 0.00 ms.
Unloading 1362 Unused Serialized files (Serialized files now loaded: 0)
System memory in use before: 111.8 MB.
System memory in use after: 111.9 MB.

Unloading 4 unused Assets to reduce memory usage. Loaded Objects now: 1979.
Total: 2.330700 ms (FindLiveObjects: 0.230500 ms CreateObjectMapping: 0.115200 ms MarkObjects: 1.964200 ms  DeleteObjects: 0.018900 ms)

========================================================================
Received Prepare
Registering precompiled user dll's ...
Registered in 0.001160 seconds.
Begin MonoManager ReloadAssembly
Native extension for WindowsStandalone target not found
Refreshing native plugins compatible for Editor in 0.69 ms, found 0 plugins.
Preloading 0 native plugins for Editor in 0.00 ms.
Invoked RoslynAnalysisRunner static constructor.
RoslynAnalysisRunner will not be running.
RoslynAnalysisRunner has terminated.
Mono: successfully reloaded assembly
- Completed reload, in  1.367 seconds
Platform modules already initialized, skipping
Refreshing native plugins compatible for Editor in 0.65 ms, found 0 plugins.
Preloading 0 native plugins for Editor in 0.00 ms.
Unloading 1362 Unused Serialized files (Serialized files now loaded: 0)
System memory in use before: 111.8 MB.
System memory in use after: 111.9 MB.

Unloading 4 unused Assets to reduce memory usage. Loaded Objects now: 1982.
Total: 2.673700 ms (FindLiveObjects: 0.282400 ms CreateObjectMapping: 0.140200 ms MarkObjects: 2.230800 ms  DeleteObjects: 0.018500 ms)

========================================================================
Received Import Request.
  Time since last request: 179.238216 seconds.
  path: Assets/Scenes/StoryBoard.unity
  artifactKey: Guid(4627b62eabeacdd4d85417b099321ec3) Importer(815301076,1909f56bfc062723c751e8b465ee728b)
Start importing Assets/Scenes/StoryBoard.unity using Guid(4627b62eabeacdd4d85417b099321ec3) Importer(815301076,1909f56bfc062723c751e8b465ee728b)  -> (artifact id: 'a442b3f3a56f22bcdfbc971ce42674c6') in 0.019549 seconds
  Import took 0.023674 seconds .

========================================================================
Received Import Request.
  Time since last request: 17.663127 seconds.
  path: Assets/Music/Dr (mp3cut (mp3cut.net).mp3
  artifactKey: Guid(4c60645113ea95d4882293e441828a52) Importer(815301076,1909f56bfc062723c751e8b465ee728b)
Start importing Assets/Music/Dr (mp3cut (mp3cut.net).mp3 using Guid(4c60645113ea95d4882293e441828a52) Importer(815301076,1909f56bfc062723c751e8b465ee728b)  -> (artifact id: '0fb8dec8aa63421e6c1a4650225265bd') in 0.158381 seconds
  Import took 0.166607 seconds .

========================================================================
Received Import Request.
  Time since last request: 5.858874 seconds.
  path: Assets/Music/uojezauskirtumasdidziulisdeividaikaipuzvadinsi.mp3
  artifactKey: Guid(f1d303a0e3eeb4b43aa6a6bc8b54fa73) Importer(815301076,1909f56bfc062723c751e8b465ee728b)
Start importing Assets/Music/uojezauskirtumasdidziulisdeividaikaipuzvadinsi.mp3 using Guid(f1d303a0e3eeb4b43aa6a6bc8b54fa73) Importer(815301076,1909f56bfc062723c751e8b465ee728b)  -> (artifact id: '4bede43131ad311d6dc1fd344ce355a2') in 0.023635 seconds
  Import took 0.027799 seconds .

========================================================================
Received Prepare
Registering precompiled user dll's ...
Registered in 0.001237 seconds.
Begin MonoManager ReloadAssembly
Native extension for WindowsStandalone target not found
Refreshing native plugins compatible for Editor in 0.66 ms, found 0 plugins.
Preloading 0 native plugins for Editor in 0.00 ms.
Invoked RoslynAnalysisRunner static constructor.
RoslynAnalysisRunner will not be running.
RoslynAnalysisRunner has terminated.
Mono: successfully reloaded assembly
- Completed reload, in  1.501 seconds
Platform modules already initialized, skipping
Refreshing native plugins compatible for Editor in 0.64 ms, found 0 plugins.
Preloading 0 native plugins for Editor in 0.00 ms.
Unloading 1362 Unused Serialized files (Serialized files now loaded: 0)
System memory in use before: 111.9 MB.
System memory in use after: 112.0 MB.

Unloading 4 unused Assets to reduce memory usage. Loaded Objects now: 1988.
Total: 2.220000 ms (FindLiveObjects: 0.226600 ms CreateObjectMapping: 0.106000 ms MarkObjects: 1.868800 ms  DeleteObjects: 0.016900 ms)

========================================================================
Received Prepare
Refreshing native plugins compatible for Editor in 1.20 ms, found 0 plugins.
Preloading 0 native plugins for Editor in 0.00 ms.
Unloading 3 Unused Serialized files (Serialized files now loaded: 0)
System memory in use before: 84.9 MB.
System memory in use after: 85.1 MB.

Unloading 2 unused Assets to reduce memory usage. Loaded Objects now: 1988.
Total: 2.642700 ms (FindLiveObjects: 0.417200 ms CreateObjectMapping: 0.204800 ms MarkObjects: 1.998300 ms  DeleteObjects: 0.020400 ms)

========================================================================
Received Import Request.
  Time since last request: 772.166205 seconds.
  path: Assets/Music/[SFM] Shrekophone.mp3
  artifactKey: Guid(1a8f3878908467f4bbba638f397a6786) Importer(815301076,1909f56bfc062723c751e8b465ee728b)
Start importing Assets/Music/[SFM] Shrekophone.mp3 using Guid(1a8f3878908467f4bbba638f397a6786) Importer(815301076,1909f56bfc062723c751e8b465ee728b)  -> (artifact id: '60e1d7c677870082433c6cdf301cf699') in 0.280056 seconds
  Import took 0.289414 seconds .

========================================================================
Received Import Request.
  Time since last request: 32.141996 seconds.
  path: Assets/Scenes/StoryBoard.unity
  artifactKey: Guid(4627b62eabeacdd4d85417b099321ec3) Importer(815301076,1909f56bfc062723c751e8b465ee728b)
Start importing Assets/Scenes/StoryBoard.unity using Guid(4627b62eabeacdd4d85417b099321ec3) Importer(815301076,1909f56bfc062723c751e8b465ee728b)  -> (artifact id: '58ac2ba9b091cc9985d2d86b4482d25d') in 0.005357 seconds
  Import took 0.010062 seconds .

========================================================================
Received Import Request.
  Time since last request: 0.179124 seconds.
  path: Assets/Scenes/StoryBoard.unity
  artifactKey: Guid(4627b62eabeacdd4d85417b099321ec3) Importer(815301076,1909f56bfc062723c751e8b465ee728b)
Start importing Assets/Scenes/StoryBoard.unity using Guid(4627b62eabeacdd4d85417b099321ec3) Importer(815301076,1909f56bfc062723c751e8b465ee728b)  -> (artifact id: '58ac2ba9b091cc9985d2d86b4482d25d') in 0.005262 seconds
  Import took 0.010091 seconds .

========================================================================
Received Import Request.
  Time since last request: 11.616803 seconds.
  path: Assets/Scenes/Menu.unity
  artifactKey: Guid(468d03cf6fa761442a7d999b91aa02f1) Importer(815301076,1909f56bfc062723c751e8b465ee728b)
Start importing Assets/Scenes/Menu.unity using Guid(468d03cf6fa761442a7d999b91aa02f1) Importer(815301076,1909f56bfc062723c751e8b465ee728b)  -> (artifact id: 'c56f24e2f8cf59280b54634554aca71f') in 0.018018 seconds
  Import took 0.022160 seconds .

========================================================================
Received Import Request.
  Time since last request: 0.929803 seconds.
  path: Assets/Scenes/Scene 1.unity
  artifactKey: Guid(579d8902e2d040d4dbcfbb3c5d2a19cb) Importer(815301076,1909f56bfc062723c751e8b465ee728b)
Start importing Assets/Scenes/Scene 1.unity using Guid(579d8902e2d040d4dbcfbb3c5d2a19cb) Importer(815301076,1909f56bfc062723c751e8b465ee728b)  -> (artifact id: '047b319a8cea9548055723633241b26c') in 0.017515 seconds
  Import took 0.022152 seconds .

========================================================================
Received Import Request.
  Time since last request: 22.928346 seconds.
  path: Assets/Scenes/Loser POV.unity
  artifactKey: Guid(b538709289873c645ad7892685c40c76) Importer(815301076,1909f56bfc062723c751e8b465ee728b)
Start importing Assets/Scenes/Loser POV.unity using Guid(b538709289873c645ad7892685c40c76) Importer(815301076,1909f56bfc062723c751e8b465ee728b)  -> (artifact id: 'b644e22b3f07b262b26360bb0d945be9') in 0.124886 seconds
  Import took 0.128481 seconds .

========================================================================
Received Prepare
Registering precompiled user dll's ...
Registered in 0.001059 seconds.
Begin MonoManager ReloadAssembly
Native extension for WindowsStandalone target not found
Refreshing native plugins compatible for Editor in 0.68 ms, found 0 plugins.
Preloading 0 native plugins for Editor in 0.00 ms.
Invoked RoslynAnalysisRunner static constructor.
RoslynAnalysisRunner will not be running.
RoslynAnalysisRunner has terminated.
Mono: successfully reloaded assembly
- Completed reload, in  1.329 seconds
Platform modules already initialized, skipping
Refreshing native plugins compatible for Editor in 0.67 ms, found 0 plugins.
Preloading 0 native plugins for Editor in 0.00 ms.
Unloading 1363 Unused Serialized files (Serialized files now loaded: 0)
System memory in use before: 111.9 MB.
System memory in use after: 112.0 MB.

Unloading 4 unused Assets to reduce memory usage. Loaded Objects now: 1993.
Total: 2.702000 ms (FindLiveObjects: 0.424300 ms CreateObjectMapping: 0.146800 ms MarkObjects: 2.109900 ms  DeleteObjects: 0.019200 ms)

========================================================================
Received Prepare
Registering precompiled user dll's ...
Registered in 0.002244 seconds.
Begin MonoManager ReloadAssembly
Native extension for WindowsStandalone target not found
Refreshing native plugins compatible for Editor in 0.69 ms, found 0 plugins.
Preloading 0 native plugins for Editor in 0.00 ms.
Invoked RoslynAnalysisRunner static constructor.
RoslynAnalysisRunner will not be running.
RoslynAnalysisRunner has terminated.
Mono: successfully reloaded assembly
- Completed reload, in  2.624 seconds
Platform modules already initialized, skipping
Refreshing native plugins compatible for Editor in 0.67 ms, found 0 plugins.
Preloading 0 native plugins for Editor in 0.00 ms.
Unloading 1363 Unused Serialized files (Serialized files now loaded: 0)
System memory in use before: 111.9 MB.
System memory in use after: 112.0 MB.

Unloading 4 unused Assets to reduce memory usage. Loaded Objects now: 1996.
Total: 2.364800 ms (FindLiveObjects: 0.243100 ms CreateObjectMapping: 0.125500 ms MarkObjects: 1.974700 ms  DeleteObjects: 0.019700 ms)

========================================================================
Received Import Request.
  Time since last request: 534.038459 seconds.
  path: Assets/Music/xqcL.mp3
  artifactKey: Guid(f4a959b294ecf1b4880c2023310bdbcf) Importer(815301076,1909f56bfc062723c751e8b465ee728b)
Start importing Assets/Music/xqcL.mp3 using Guid(f4a959b294ecf1b4880c2023310bdbcf) Importer(815301076,1909f56bfc062723c751e8b465ee728b)  -> (artifact id: '83ebe2fd3f79e6b10e621784e7b8bd1c') in 0.164749 seconds
  Import took 0.168780 seconds .

========================================================================
Received Prepare
Registering precompiled user dll's ...
Registered in 0.001417 seconds.
Begin MonoManager ReloadAssembly
Native extension for WindowsStandalone target not found
Refreshing native plugins compatible for Editor in 0.65 ms, found 0 plugins.
Preloading 0 native plugins for Editor in 0.00 ms.
Invoked RoslynAnalysisRunner static constructor.
RoslynAnalysisRunner will not be running.
RoslynAnalysisRunner has terminated.
Mono: successfully reloaded assembly
- Completed reload, in  1.388 seconds
Platform modules already initialized, skipping
Refreshing native plugins compatible for Editor in 0.65 ms, found 0 plugins.
Preloading 0 native plugins for Editor in 0.00 ms.
Unloading 1363 Unused Serialized files (Serialized files now loaded: 0)
System memory in use before: 111.9 MB.
System memory in use after: 112.0 MB.

Unloading 4 unused Assets to reduce memory usage. Loaded Objects now: 2000.
Total: 2.142500 ms (FindLiveObjects: 0.200900 ms CreateObjectMapping: 0.099000 ms MarkObjects: 1.824200 ms  DeleteObjects: 0.017200 ms)

========================================================================
Received Import Request.
  Time since last request: 34.739978 seconds.
  path: Assets/Scenes/Menu.unity
  artifactKey: Guid(468d03cf6fa761442a7d999b91aa02f1) Importer(815301076,1909f56bfc062723c751e8b465ee728b)
Start importing Assets/Scenes/Menu.unity using Guid(468d03cf6fa761442a7d999b91aa02f1) Importer(815301076,1909f56bfc062723c751e8b465ee728b)  -> (artifact id: '6ba537e80cc0e1101dad038b4d3ccaea') in 0.025603 seconds
  Import took 0.029392 seconds .

========================================================================
Received Prepare
Registering precompiled user dll's ...
Registered in 0.001318 seconds.
Begin MonoManager ReloadAssembly
Native extension for WindowsStandalone target not found
Refreshing native plugins compatible for Editor in 0.65 ms, found 0 plugins.
Preloading 0 native plugins for Editor in 0.00 ms.
Invoked RoslynAnalysisRunner static constructor.
RoslynAnalysisRunner will not be running.
RoslynAnalysisRunner has terminated.
Mono: successfully reloaded assembly
- Completed reload, in  1.244 seconds
Platform modules already initialized, skipping
Refreshing native plugins compatible for Editor in 0.64 ms, found 0 plugins.
Preloading 0 native plugins for Editor in 0.00 ms.
Unloading 1363 Unused Serialized files (Serialized files now loaded: 0)
System memory in use before: 112.0 MB.
System memory in use after: 112.1 MB.

Unloading 4 unused Assets to reduce memory usage. Loaded Objects now: 2003.
Total: 2.320600 ms (FindLiveObjects: 0.203700 ms CreateObjectMapping: 0.108800 ms MarkObjects: 1.989700 ms  DeleteObjects: 0.017000 ms)

========================================================================
Received Prepare
Refreshing native plugins compatible for Editor in 1.36 ms, found 0 plugins.
Preloading 0 native plugins for Editor in 0.00 ms.
Unloading 3 Unused Serialized files (Serialized files now loaded: 0)
System memory in use before: 85.0 MB.
System memory in use after: 85.1 MB.

Unloading 2 unused Assets to reduce memory usage. Loaded Objects now: 2003.
Total: 2.126300 ms (FindLiveObjects: 0.188300 ms CreateObjectMapping: 0.062500 ms MarkObjects: 1.855000 ms  DeleteObjects: 0.018300 ms)

========================================================================
Received Prepare
Registering precompiled user dll's ...
Registered in 0.001298 seconds.
Begin MonoManager ReloadAssembly
Native extension for WindowsStandalone target not found
Refreshing native plugins compatible for Editor in 0.64 ms, found 0 plugins.
Preloading 0 native plugins for Editor in 0.00 ms.
Invoked RoslynAnalysisRunner static constructor.
RoslynAnalysisRunner will not be running.
RoslynAnalysisRunner has terminated.
Mono: successfully reloaded assembly
- Completed reload, in  1.168 seconds
Platform modules already initialized, skipping
Refreshing native plugins compatible for Editor in 0.71 ms, found 0 plugins.
Preloading 0 native plugins for Editor in 0.00 ms.
Unloading 1363 Unused Serialized files (Serialized files now loaded: 0)
System memory in use before: 112.0 MB.
System memory in use after: 112.1 MB.

Unloading 4 unused Assets to reduce memory usage. Loaded Objects now: 2006.
Total: 7.970900 ms (FindLiveObjects: 0.261800 ms CreateObjectMapping: 0.075500 ms MarkObjects: 7.600200 ms  DeleteObjects: 0.031500 ms)

========================================================================
Received Prepare
Registering precompiled user dll's ...
Registered in 0.001251 seconds.
Begin MonoManager ReloadAssembly
Native extension for WindowsStandalone target not found
Refreshing native plugins compatible for Editor in 0.64 ms, found 0 plugins.
Preloading 0 native plugins for Editor in 0.00 ms.
Invoked RoslynAnalysisRunner static constructor.
RoslynAnalysisRunner will not be running.
RoslynAnalysisRunner has terminated.
Mono: successfully reloaded assembly
- Completed reload, in  1.156 seconds
Platform modules already initialized, skipping
Refreshing native plugins compatible for Editor in 0.65 ms, found 0 plugins.
Preloading 0 native plugins for Editor in 0.00 ms.
Unloading 1363 Unused Serialized files (Serialized files now loaded: 0)
System memory in use before: 112.0 MB.
System memory in use after: 112.1 MB.

Unloading 4 unused Assets to reduce memory usage. Loaded Objects now: 2009.
Total: 2.430300 ms (FindLiveObjects: 0.261100 ms CreateObjectMapping: 0.133400 ms MarkObjects: 2.007400 ms  DeleteObjects: 0.026600 ms)

